2024-12-19 20:03:43,770 - elsapy.elsclient - INFO - Module loaded.
2024-12-19 20:03:43,772 - elsapy.elsentity - INFO - Module loaded.
2024-12-19 20:03:43,772 - elsapy.elsdoc - INFO - Module loaded.
2024-12-19 20:03:44,776 - elsapy.elsclient - INFO - Sending GET request to https://api.elsevier.com/content/article/pii/S0040609004014671
2024-12-19 20:03:49,418 - elsapy.elsentity - INFO - Data loaded for https://api.elsevier.com/content/article/pii/S0040609004014671
2024-12-19 20:03:50,422 - elsapy.elsclient - INFO - Sending GET request to https://api.elsevier.com/content/article/pii/S0272884221031710
2024-12-19 20:03:55,376 - elsapy.elsentity - INFO - Data loaded for https://api.elsevier.com/content/article/pii/S0272884221031710
2024-12-19 20:03:56,377 - elsapy.elsclient - INFO - Sending GET request to https://api.elsevier.com/content/article/pii/S0040609096094321
2024-12-19 20:05:30,354 - elsapy.elsclient - INFO - Module loaded.
2024-12-19 20:05:30,354 - elsapy.elsentity - INFO - Module loaded.
2024-12-19 20:05:30,355 - elsapy.elsdoc - INFO - Module loaded.
2024-12-19 20:05:31,359 - elsapy.elsclient - INFO - Sending GET request to https://api.elsevier.com/content/article/pii/S0040609004014671
2024-12-19 20:05:32,460 - elsapy.elsentity - INFO - Data loaded for https://api.elsevier.com/content/article/pii/S0040609004014671
2024-12-19 20:05:33,464 - elsapy.elsclient - INFO - Sending GET request to https://api.elsevier.com/content/article/pii/S0272884221031710
2024-12-19 20:05:40,439 - elsapy.elsentity - INFO - Data loaded for https://api.elsevier.com/content/article/pii/S0272884221031710
2024-12-19 20:05:41,443 - elsapy.elsclient - INFO - Sending GET request to https://api.elsevier.com/content/article/pii/S0040609096094321
2024-12-19 20:06:35,625 - elsapy.elsclient - INFO - Module loaded.
2024-12-19 20:06:35,626 - elsapy.elsentity - INFO - Module loaded.
2024-12-19 20:06:35,626 - elsapy.elsdoc - INFO - Module loaded.
2024-12-19 20:06:36,630 - elsapy.elsclient - INFO - Sending GET request to https://api.elsevier.com/content/article/pii/S0040609004014671
2024-12-19 20:06:38,167 - elsapy.elsentity - INFO - Data loaded for https://api.elsevier.com/content/article/pii/S0040609004014671
2024-12-19 20:06:39,171 - elsapy.elsclient - INFO - Sending GET request to https://api.elsevier.com/content/article/pii/S0272884221031710
2024-12-19 20:07:28,429 - elsapy.elsclient - INFO - Module loaded.
2024-12-19 20:07:28,429 - elsapy.elsentity - INFO - Module loaded.
2024-12-19 20:07:28,429 - elsapy.elsdoc - INFO - Module loaded.
2024-12-19 20:07:29,434 - elsapy.elsclient - INFO - Sending GET request to https://api.elsevier.com/content/article/pii/S0040609004014671
2024-12-19 20:07:34,289 - elsapy.elsentity - INFO - Data loaded for https://api.elsevier.com/content/article/pii/S0040609004014671
2024-12-19 20:08:10,840 - elsapy.elsclient - INFO - Module loaded.
2024-12-19 20:08:10,841 - elsapy.elsentity - INFO - Module loaded.
2024-12-19 20:08:10,841 - elsapy.elsdoc - INFO - Module loaded.
2024-12-19 20:08:11,845 - elsapy.elsclient - INFO - Sending GET request to https://api.elsevier.com/content/article/pii/S0040609004014671
2024-12-19 20:08:15,776 - elsapy.elsentity - INFO - Data loaded for https://api.elsevier.com/content/article/pii/S0040609004014671
2024-12-19 20:08:57,579 - elsapy.elsclient - INFO - Module loaded.
2024-12-19 20:08:57,580 - elsapy.elsentity - INFO - Module loaded.
2024-12-19 20:08:57,580 - elsapy.elsdoc - INFO - Module loaded.
2024-12-19 20:08:58,585 - elsapy.elsclient - INFO - Sending GET request to https://api.elsevier.com/content/article/pii/S0040609004014671
2024-12-19 20:09:00,910 - elsapy.elsentity - INFO - Data loaded for https://api.elsevier.com/content/article/pii/S0040609004014671
2024-12-19 20:10:52,123 - elsapy.elsclient - INFO - Module loaded.
2024-12-19 20:10:52,124 - elsapy.elsentity - INFO - Module loaded.
2024-12-19 20:10:52,124 - elsapy.elsdoc - INFO - Module loaded.
2024-12-19 20:10:53,129 - elsapy.elsclient - INFO - Sending GET request to https://api.elsevier.com/content/article/pii/S0040609004014671
2024-12-19 20:11:05,762 - elsapy.elsentity - INFO - Data loaded for https://api.elsevier.com/content/article/pii/S0040609004014671
2024-12-19 20:11:06,761 - elsapy.elsclient - INFO - Sending GET request to https://api.elsevier.com/content/article/pii/S0272884221031710
2024-12-19 20:11:11,405 - elsapy.elsentity - INFO - Data loaded for https://api.elsevier.com/content/article/pii/S0272884221031710
2024-12-19 20:11:12,406 - elsapy.elsclient - INFO - Sending GET request to https://api.elsevier.com/content/article/pii/S0040609096094321
2024-12-19 20:14:14,367 - elsapy.elsclient - INFO - Module loaded.
2024-12-19 20:14:14,368 - elsapy.elsentity - INFO - Module loaded.
2024-12-19 20:14:14,368 - elsapy.elsdoc - INFO - Module loaded.
2024-12-19 20:14:15,373 - elsapy.elsclient - INFO - Sending GET request to https://api.elsevier.com/content/article/pii/S0040609004014671
2024-12-19 20:14:17,907 - elsapy.elsentity - INFO - Data loaded for https://api.elsevier.com/content/article/pii/S0040609004014671
2024-12-19 20:14:18,911 - elsapy.elsclient - INFO - Sending GET request to https://api.elsevier.com/content/article/pii/S0272884221031710
2024-12-19 20:14:35,201 - elsapy.elsentity - WARNING - HTTPSConnectionPool(host='api.elsevier.com', port=443): Max retries exceeded with url: /content/article/pii/S0272884221031710 (Caused by SSLError(SSLEOFError(8, '[SSL: UNEXPECTED_EOF_WHILE_READING] EOF occurred in violation of protocol (_ssl.c:1006)')))
2024-12-19 20:14:35,202 - elsapy.elsclient - INFO - Sending GET request to https://api.elsevier.com/content/article/pii/S0040609096094321
